TN:
SF:src/index.tsx
FNF:0
FNH:0
LF:0
LH:0
BRF:0
BRH:0
end_of_record
TN:
SF:src/components/AbsoluteView.tsx
FN:6,(anonymous_0)
FNF:1
FNH:1
FNDA:2,(anonymous_0)
DA:6,1
DA:7,2
DA:15,2
LF:3
LH:3
BRF:0
BRH:0
end_of_record
TN:
SF:src/components/BoxView.tsx
FN:9,(anonymous_0)
FNF:1
FNH:1
FNDA:21,(anonymous_0)
DA:9,5
DA:10,21
DA:11,21
LF:3
LH:3
BRF:0
BRH:0
end_of_record
TN:
SF:src/components/ButtonView.tsx
FN:11,(anonymous_0)
FN:31,(anonymous_1)
FNF:2
FNH:2
FNDA:3,(anonymous_0)
FNDA:3,(anonymous_1)
DA:11,1
DA:18,3
DA:29,3
DA:33,3
DA:34,3
LF:5
LH:5
BRDA:14,0,0,3
BRDA:33,1,0,0
BRDA:33,1,1,3
BRDA:37,2,0,0
BRDA:37,2,1,3
BRF:5
BRH:3
end_of_record
TN:
SF:src/components/CenterView.tsx
FN:7,(anonymous_0)
FNF:1
FNH:1
FNDA:2,(anonymous_0)
DA:7,1
DA:8,2
DA:13,2
LF:3
LH:3
BRF:0
BRH:0
end_of_record
TN:
SF:src/components/CircleBox.tsx
FN:11,(anonymous_0)
FN:17,(anonymous_1)
FN:28,(anonymous_2)
FNF:3
FNH:3
FNDA:5,(anonymous_0)
FNDA:5,(anonymous_1)
FNDA:5,(anonymous_2)
DA:11,1
DA:17,5
DA:18,5
DA:20,5
DA:28,1
DA:29,5
LF:6
LH:6
BRDA:12,0,0,4
BRF:1
BRH:1
end_of_record
TN:
SF:src/components/Container.tsx
FN:7,(anonymous_0)
FNF:1
FNH:1
FNDA:5,(anonymous_0)
DA:7,1
DA:8,5
DA:13,5
LF:3
LH:3
BRF:0
BRH:0
end_of_record
TN:
SF:src/components/Divider.tsx
FN:11,(anonymous_0)
FNF:1
FNH:1
FNDA:5,(anonymous_0)
DA:11,1
DA:19,5
DA:22,5
LF:3
LH:3
BRDA:12,0,0,3
BRDA:13,1,0,3
BRDA:14,2,0,3
BRDA:19,3,0,3
BRDA:19,3,1,2
BRF:5
BRH:5
end_of_record
TN:
SF:src/components/FlexView.tsx
FN:6,(anonymous_0)
FNF:1
FNH:1
FNDA:4,(anonymous_0)
DA:6,1
DA:7,4
DA:12,4
LF:3
LH:3
BRF:0
BRH:0
end_of_record
TN:
SF:src/components/ImageView.tsx
FN:8,(anonymous_0)
FNF:1
FNH:1
FNDA:2,(anonymous_0)
DA:8,1
DA:9,2
DA:14,2
LF:3
LH:3
BRDA:15,0,0,2
BRDA:15,0,1,1
BRF:2
BRH:2
end_of_record
TN:
SF:src/components/RowView.tsx
FN:7,(anonymous_0)
FNF:1
FNH:1
FNDA:5,(anonymous_0)
DA:7,1
DA:8,5
DA:15,5
LF:3
LH:3
BRF:0
BRH:0
end_of_record
TN:
SF:src/components/Spacer.tsx
FN:5,(anonymous_0)
FNF:1
FNH:1
FNDA:3,(anonymous_0)
DA:5,1
DA:6,3
LF:2
LH:2
BRDA:5,0,0,2
BRDA:5,1,0,2
BRF:2
BRH:2
end_of_record
TN:
SF:src/components/TextView.tsx
FN:9,(anonymous_0)
FNF:1
FNH:1
FNDA:5,(anonymous_0)
DA:9,1
DA:10,5
DA:11,5
LF:3
LH:3
BRF:0
BRH:0
end_of_record
TN:
SF:src/hooks/index.tsx
FN:32,(anonymous_0)
FN:45,(anonymous_1)
FN:46,(anonymous_2)
FN:46,(anonymous_3)
FN:47,(anonymous_4)
FN:48,(anonymous_5)
FN:57,(anonymous_6)
FN:59,(anonymous_7)
FN:62,(anonymous_8)
FN:65,(anonymous_9)
FN:72,(anonymous_10)
FN:79,(anonymous_11)
FN:85,(anonymous_12)
FN:87,(anonymous_13)
FN:89,(anonymous_14)
FN:96,(anonymous_15)
FN:107,(anonymous_16)
FN:116,(anonymous_17)
FN:122,(anonymous_18)
FN:129,(anonymous_19)
FN:136,(anonymous_20)
FNF:21
FNH:17
FNDA:4,(anonymous_0)
FNDA:1,(anonymous_1)
FNDA:1,(anonymous_2)
FNDA:1,(anonymous_3)
FNDA:1,(anonymous_4)
FNDA:1,(anonymous_5)
FNDA:1,(anonymous_6)
FNDA:1,(anonymous_7)
FNDA:1,(anonymous_8)
FNDA:0,(anonymous_9)
FNDA:0,(anonymous_10)
FNDA:3,(anonymous_11)
FNDA:2,(anonymous_12)
FNDA:1,(anonymous_13)
FNDA:2,(anonymous_14)
FNDA:3,(anonymous_15)
FNDA:2,(anonymous_16)
FNDA:1,(anonymous_17)
FNDA:2,(anonymous_18)
FNDA:0,(anonymous_19)
FNDA:0,(anonymous_20)
DA:13,1
DA:14,1
DA:15,1
DA:32,1
DA:42,4
DA:44,4
DA:45,1
DA:46,1
DA:47,1
DA:48,1
DA:53,4
DA:57,1
DA:58,1
DA:59,1
DA:62,1
DA:63,1
DA:65,0
DA:66,0
DA:67,0
DA:71,0
DA:72,0
DA:75,1
DA:79,1
DA:80,3
DA:81,3
DA:85,3
DA:86,2
DA:87,2
DA:89,2
DA:92,3
DA:96,1
DA:101,3
DA:102,3
DA:103,3
DA:107,3
DA:108,2
DA:109,2
DA:111,2
DA:112,0
DA:113,0
DA:115,2
DA:116,2
DA:117,1
DA:118,1
DA:122,2
DA:125,3
DA:129,1
DA:130,0
DA:136,0
DA:137,0
DA:139,0
DA:142,0
DA:144,0
DA:147,0
LF:54
LH:40
BRDA:33,0,0,4
BRDA:59,1,0,1
BRDA:59,1,1,1
BRDA:63,2,0,1
BRDA:63,2,1,0
BRDA:66,3,0,0
BRDA:66,3,1,0
BRDA:99,4,0,3
BRDA:99,5,0,3
BRDA:111,6,0,0
BRDA:111,6,1,2
BRDA:111,7,0,2
BRDA:111,7,1,2
BRDA:137,8,0,0
BRDA:137,8,1,0
BRF:15
BRH:9
end_of_record
TN:
SF:src/types/style.types.ts
FNF:0
FNH:0
LF:0
LH:0
BRF:0
BRH:0
end_of_record
TN:
SF:src/utility/platform.ts
FNF:0
FNH:0
DA:3,1
DA:4,1
DA:6,1
DA:8,1
DA:9,1
DA:10,1
DA:11,1
LF:7
LH:7
BRF:0
BRH:0
end_of_record
TN:
SF:src/utility/responsive.tsx
FN:4,isIphoneX
FN:23,fontSize
FN:59,(anonymous_2)
FN:73,(anonymous_3)
FN:89,(anonymous_4)
FN:105,(anonymous_5)
FN:118,(anonymous_6)
FNF:7
FNH:7
FNDA:1,isIphoneX
FNDA:1,fontSize
FNDA:1,(anonymous_2)
FNDA:1,(anonymous_3)
FNDA:3,(anonymous_4)
FNDA:2,(anonymous_5)
FNDA:3,(anonymous_6)
DA:2,1
DA:5,1
DA:6,1
DA:24,1
DA:25,1
DA:27,1
DA:34,1
DA:38,1
DA:39,1
DA:45,1
DA:48,1
DA:59,1
DA:60,1
DA:61,1
DA:73,1
DA:74,1
DA:75,1
DA:89,1
DA:90,3
DA:91,3
DA:92,3
DA:105,1
DA:106,2
DA:107,2
DA:110,2
DA:118,1
DA:119,3
DA:120,2
DA:122,1
DA:123,1
LF:30
LH:30
BRDA:7,0,0,1
BRDA:7,0,1,1
BRDA:7,0,2,1
BRDA:7,0,3,1
BRDA:7,0,4,1
BRDA:7,0,5,1
BRDA:7,0,6,0
BRDA:7,0,7,0
BRDA:7,0,8,0
BRDA:7,0,9,0
BRDA:7,0,10,0
BRDA:7,0,11,0
BRDA:7,0,12,0
BRDA:25,1,0,0
BRDA:25,1,1,1
BRDA:27,2,0,0
BRDA:27,2,1,1
BRDA:29,3,0,1
BRDA:29,3,1,0
BRDA:31,4,0,0
BRDA:31,4,1,0
BRDA:34,5,0,1
BRDA:34,5,1,0
BRDA:34,6,0,1
BRDA:34,6,1,0
BRDA:89,7,0,1
BRDA:89,8,0,2
BRDA:107,9,0,1
BRDA:107,9,1,1
BRDA:119,10,0,1
BRDA:119,10,1,2
BRDA:120,11,0,1
BRDA:120,11,1,1
BRF:33
BRH:19
end_of_record
TN:
SF:src/utility/styleMapper.ts
FN:64,(anonymous_0)
FN:82,(anonymous_1)
FN:97,(anonymous_2)
FN:109,(anonymous_3)
FN:151,(anonymous_4)
FN:173,(anonymous_5)
FNF:6
FNH:6
FNDA:62,(anonymous_0)
FNDA:55,(anonymous_1)
FNDA:53,(anonymous_2)
FNDA:53,(anonymous_3)
FNDA:7,(anonymous_4)
FNDA:2,(anonymous_5)
DA:12,13
DA:64,13
DA:65,62
DA:66,62
DA:67,62
DA:68,62
DA:69,62
DA:70,62
DA:71,62
DA:73,62
DA:74,62
DA:75,62
DA:76,62
DA:77,62
DA:78,62
DA:79,62
DA:82,13
DA:83,55
DA:84,0
DA:85,0
DA:87,55
DA:88,55
DA:91,55
DA:92,55
DA:93,55
DA:94,55
DA:97,13
DA:98,53
DA:99,53
DA:100,53
DA:101,53
DA:102,53
DA:103,53
DA:109,13
DA:110,53
DA:112,53
DA:113,4
DA:116,53
DA:117,53
DA:118,53
DA:119,53
DA:121,53
DA:122,53
DA:123,53
DA:124,53
DA:125,53
DA:126,53
DA:127,53
DA:129,53
DA:130,53
DA:132,53
DA:133,53
DA:134,53
DA:137,53
DA:138,6
DA:139,6
DA:141,47
DA:142,47
DA:145,53
DA:151,13
DA:152,7
DA:153,7
DA:154,7
DA:155,7
DA:156,7
DA:157,7
DA:158,7
DA:159,7
DA:160,7
DA:161,7
DA:162,7
DA:164,7
DA:165,7
DA:167,7
DA:168,7
DA:169,7
DA:171,7
DA:173,13
DA:174,2
DA:175,2
DA:176,0
DA:178,2
DA:179,2
DA:181,2
DA:182,2
DA:183,2
DA:184,2
DA:185,2
DA:187,2
DA:188,2
DA:190,2
LF:91
LH:88
BRDA:65,0,0,5
BRDA:65,0,1,57
BRDA:66,1,0,11
BRDA:66,1,1,51
BRDA:67,2,0,5
BRDA:67,2,1,57
BRDA:68,3,0,1
BRDA:68,3,1,61
BRDA:69,4,0,1
BRDA:69,4,1,61
BRDA:70,5,0,1
BRDA:70,5,1,61
BRDA:71,6,0,1
BRDA:71,6,1,61
BRDA:73,7,0,5
BRDA:73,7,1,57
BRDA:74,8,0,3
BRDA:74,8,1,59
BRDA:75,9,0,2
BRDA:75,9,1,60
BRDA:76,10,0,1
BRDA:76,10,1,61
BRDA:77,11,0,1
BRDA:77,11,1,61
BRDA:78,12,0,1
BRDA:78,12,1,61
BRDA:79,13,0,1
BRDA:79,13,1,61
BRDA:83,14,0,0
BRDA:83,14,1,55
BRDA:87,15,0,11
BRDA:87,15,1,44
BRDA:88,16,0,8
BRDA:88,16,1,47
BRDA:91,17,0,1
BRDA:91,17,1,54
BRDA:92,18,0,1
BRDA:92,18,1,54
BRDA:93,19,0,1
BRDA:93,19,1,54
BRDA:94,20,0,1
BRDA:94,20,1,54
BRDA:98,21,0,3
BRDA:98,21,1,50
BRDA:99,22,0,3
BRDA:99,22,1,50
BRDA:100,23,0,1
BRDA:100,23,1,52
BRDA:101,24,0,3
BRDA:101,24,1,50
BRDA:102,25,0,1
BRDA:102,25,1,52
BRDA:103,26,0,2
BRDA:103,26,1,51
BRDA:112,27,0,4
BRDA:112,27,1,49
BRDA:112,28,0,53
BRDA:112,28,1,5
BRDA:116,29,0,16
BRDA:116,29,1,37
BRDA:117,30,0,4
BRDA:117,30,1,49
BRDA:118,31,0,1
BRDA:118,31,1,52
BRDA:119,32,0,1
BRDA:119,32,1,52
BRDA:121,33,0,7
BRDA:121,33,1,46
BRDA:122,34,0,7
BRDA:122,34,1,46
BRDA:123,35,0,8
BRDA:123,35,1,45
BRDA:124,36,0,7
BRDA:124,36,1,46
BRDA:125,37,0,2
BRDA:125,37,1,51
BRDA:126,38,0,7
BRDA:126,38,1,46
BRDA:127,39,0,0
BRDA:127,39,1,53
BRDA:129,40,0,2
BRDA:129,40,1,51
BRDA:130,41,0,1
BRDA:130,41,1,52
BRDA:137,42,0,6
BRDA:137,42,1,47
BRDA:137,43,0,53
BRDA:137,43,1,6
BRDA:137,44,0,6
BRDA:137,44,1,6
BRDA:141,45,0,1
BRDA:141,45,1,46
BRDA:142,46,0,1
BRDA:142,46,1,46
BRDA:153,47,0,3
BRDA:153,47,1,4
BRDA:154,48,0,2
BRDA:154,48,1,5
BRDA:155,49,0,2
BRDA:155,49,1,5
BRDA:156,50,0,2
BRDA:156,50,1,5
BRDA:157,51,0,2
BRDA:157,51,1,5
BRDA:158,52,0,2
BRDA:158,52,1,5
BRDA:159,53,0,2
BRDA:159,53,1,5
BRDA:160,54,0,2
BRDA:160,54,1,5
BRDA:161,55,0,2
BRDA:161,55,1,5
BRDA:162,56,0,1
BRDA:162,56,1,6
BRDA:164,57,0,0
BRDA:164,57,1,7
BRDA:165,58,0,1
BRDA:165,58,1,6
BRDA:167,59,0,2
BRDA:167,59,1,5
BRDA:168,60,0,2
BRDA:168,60,1,5
BRDA:175,61,0,0
BRDA:175,61,1,2
BRDA:175,62,0,2
BRDA:175,62,1,0
BRDA:178,63,0,1
BRDA:178,63,1,1
BRDA:179,64,0,0
BRDA:179,64,1,2
BRDA:181,65,0,1
BRDA:181,65,1,1
BRDA:182,66,0,1
BRDA:182,66,1,1
BRDA:183,67,0,0
BRDA:183,67,1,2
BRDA:184,68,0,0
BRDA:184,68,1,2
BRDA:185,69,0,0
BRDA:185,69,1,2
BRF:140
BRH:131
end_of_record
